<?xml version="1.0" encoding="UTF-8"?>
<!-- Generated by org.testng.reporters.JUnitReportReporter -->
<testsuite hostname="DESKTOP-LHMO7C5" failures="0" tests="1" name="com.practice.assingment" time="6.345" errors="0" timestamp="26 Dec 2023 12:15:18 GMT">
  <testcase classname="com.practice.assingment" name="test" time="6.345"/>
</testsuite> <!-- com.practice.assingment -->
