<?xml version="1.0" encoding="UTF-8"?>
<!-- Generated by org.testng.reporters.JUnitReportReporter -->
<testsuite hostname="DESKTOP-LHMO7C5" failures="0" tests="1" name="Assingnment_2.Checkbox_4" time="1.850" errors="0" timestamp="2023-12-27T17:57:31 IST" skipped="0">
  <testcase classname="Assingnment_2.Checkbox_4" name="test3" time="1.850"/>
  <system-out/>
</testsuite> <!-- Assingnment_2.Checkbox_4 -->
