<?xml version="1.0" encoding="UTF-8"?>
<!-- Generated by org.testng.reporters.JUnitReportReporter -->
<testsuite hostname="DESKTOP-LHMO7C5" failures="0" tests="1" name="Assingnment_2.Date_Picker_1" time="0.836" errors="0" timestamp="2023-12-27T18:04:56 IST" skipped="0">
  <testcase classname="Assingnment_2.Date_Picker_1" name="test1" time="0.836"/>
  <system-out/>
</testsuite> <!-- Assingnment_2.Date_Picker_1 -->
