<?xml version="1.0" encoding="UTF-8"?>
<!-- Generated by org.testng.reporters.JUnitReportReporter -->
<testsuite hostname="DESKTOP-LHMO7C5" failures="0" tests="1" name="Assign_MDIT2.Parallel_2" time="20.989" errors="0" timestamp="2023-12-27T18:27:36 IST" skipped="0">
  <testcase classname="Assign_MDIT2.Parallel_2" name="test2" time="20.989"/>
  <system-out/>
</testsuite> <!-- Assign_MDIT2.Parallel_2 -->
