<?xml version="1.0" encoding="UTF-8"?>
<!-- Generated by org.testng.reporters.JUnitReportReporter -->
<testsuite hostname="DESKTOP-LHMO7C5" failures="0" tests="2" name="Assign_MDIT2.Script_2" time="0.195" errors="0" timestamp="2023-12-27T15:40:04 IST" skipped="0">
  <testcase classname="Assign_MDIT2.Script_2" name="test1" time="0.117"/>
  <system-out/>
  <testcase classname="Assign_MDIT2.Script_2" name="test2" time="0.078"/>
  <system-out/>
</testsuite> <!-- Assign_MDIT2.Script_2 -->
