<?xml version="1.0" encoding="UTF-8"?>
<!-- Generated by org.testng.reporters.JUnitReportReporter -->
<testsuite hostname="DESKTOP-LHMO7C5" failures="0" tests="2" name="com.practice.datadriven" time="60.332" errors="0" timestamp="26 Dec 2023 07:01:38 GMT">
  <testcase classname="com.practice.datadriven" name="test1" time="60.013"/>
  <testcase classname="com.practice.datadriven" name="test2" time="0.319"/>
</testsuite> <!-- com.practice.datadriven -->
