<?xml version="1.0" encoding="UTF-8"?>
<!-- Generated by org.testng.reporters.JUnitReportReporter -->
<testsuite hostname="DESKTOP-LHMO7C5" failures="0" tests="1" name="assign_MDIT.Check" time="1.080" errors="0" timestamp="2023-12-26T21:28:46 IST" skipped="0">
  <testcase classname="assign_MDIT.Check" name="test" time="1.080"/>
  <system-out/>
</testsuite> <!-- assign_MDIT.Check -->
