<?xml version="1.0" encoding="UTF-8"?>
<!-- Generated by org.testng.reporters.JUnitReportReporter -->
<testsuite hostname="DESKTOP-LHMO7C5" failures="0" tests="1" name="Assign_MDIT2.Script_21" time="0.098" errors="0" timestamp="2023-12-27T15:34:53 IST" skipped="0">
  <testcase classname="Assign_MDIT2.Script_21" name="test2" time="0.098"/>
  <system-out/>
</testsuite> <!-- Assign_MDIT2.Script_21 -->
