<?xml version="1.0" encoding="UTF-8"?>
<!-- Generated by org.testng.reporters.JUnitReportReporter -->
<testsuite hostname="DESKTOP-LHMO7C5" failures="0" tests="2" name="Assingnment_2.Checkbox_radio_3" time="0.245" errors="0" timestamp="2023-12-27T17:33:38 IST" skipped="0">
  <testcase classname="Assingnment_2.Checkbox_radio_3" name="test1" time="0.152"/>
  <system-out/>
  <testcase classname="Assingnment_2.Checkbox_radio_3" name="test2" time="0.093"/>
  <system-out/>
</testsuite> <!-- Assingnment_2.Checkbox_radio_3 -->
