<?xml version="1.0" encoding="UTF-8"?>
<!-- Generated by org.testng.reporters.JUnitReportReporter -->
<testsuite hostname="DESKTOP-LHMO7C5" failures="0" tests="1" name="assign_MDIT.Record_SeleniumIDE" time="7.538" errors="0" timestamp="2023-12-26T21:21:19 IST" skipped="0">
  <testcase classname="assign_MDIT.Record_SeleniumIDE" name="test1" time="7.538"/>
  <system-out/>
</testsuite> <!-- assign_MDIT.Record_SeleniumIDE -->
