<?xml version="1.0" encoding="UTF-8"?>
<!-- Generated by org.testng.reporters.JUnitReportReporter -->
<testsuite hostname="DESKTOP-LHMO7C5" failures="0" tests="1" name="com.practice.script2" time="5.239" errors="0" timestamp="26 Dec 2023 13:14:01 GMT">
  <testcase classname="com.practice.script2" name="test" time="5.239"/>
</testsuite> <!-- com.practice.script2 -->
